Program is lexically correct.

ST
SymbolTable { elements=[[A], [B], [C, M], [], []], size = 5 }

PIF
("num", (-1, -1))
(id, (0, 0))
("'", (-1, -1))
("num", (-1, -1))
(id, (1, 0))
("'", (-1, -1))
("num", (-1, -1))
(id, (2, 0))
("'", (-1, -1))
("num", (-1, -1))
(id, (2, 1))
("'", (-1, -1))
("cit", (-1, -1))
("(", (-1, -1))
(id, (0, 0))
(")", (-1, -1))
("'", (-1, -1))
("cit", (-1, -1))
("(", (-1, -1))
(id, (1, 0))
(")", (-1, -1))
("'", (-1, -1))
("cit", (-1, -1))
("(", (-1, -1))
(id, (2, 0))
(")", (-1, -1))
("'", (-1, -1))
("dc", (-1, -1))
(id, (0, 0))
("be", (-1, -1))
(id, (1, 0))
("si", (-1, -1))
("dc", (-1, -1))
(id, (0, 0))
("be", (-1, -1))
(id, (2, 0))
("{", (-1, -1))
(id, (2, 1))
("<-", (-1, -1))
(id, (0, 0))
("'", (-1, -1))
("}", (-1, -1))
("dc", (-1, -1))
(id, (1, 0))
("be", (-1, -1))
(id, (2, 0))
("si", (-1, -1))
("dc", (-1, -1))
(id, (1, 0))
("be", (-1, -1))
(id, (0, 0))
("{", (-1, -1))
(id, (2, 1))
("<-", (-1, -1))
(id, (1, 0))
("'", (-1, -1))
("}", (-1, -1))
("dc", (-1, -1))
(id, (2, 0))
("be", (-1, -1))
(id, (0, 0))
("si", (-1, -1))
("dc", (-1, -1))
(id, (2, 0))
("be", (-1, -1))
(id, (1, 0))
("{", (-1, -1))
(id, (2, 1))
("<-", (-1, -1))
(id, (2, 0))
("'", (-1, -1))
("}", (-1, -1))
("scr", (-1, -1))
("(", (-1, -1))
(id, (2, 1))
(")", (-1, -1))
("'", (-1, -1))
("st", (-1, -1))
