Program is lexically correct.

ST
SymbolTable { elements=[[NUMERE, 2, 7], [3], [], [S, 0, 20, 5, I], [1]], size = 5 }

PIF
("num", (-1, -1))
(id, (3, 0))
("'", (-1, -1))
(id, (3, 0))
("<-", (-1, -1))
(const, (3, 1))
("'", (-1, -1))
("num", (-1, -1))
("[", (-1, -1))
(const, (3, 2))
("]", (-1, -1))
(id, (0, 0))
("'", (-1, -1))
(id, (0, 0))
("<-", (-1, -1))
("[", (-1, -1))
(const, (4, 0))
(",", (-1, -1))
(const, (0, 1))
(",", (-1, -1))
(const, (1, 0))
(",", (-1, -1))
(const, (3, 3))
(",", (-1, -1))
(const, (0, 2))
("]", (-1, -1))
("'", (-1, -1))
("pt", (-1, -1))
("(", (-1, -1))
("num", (-1, -1))
(id, (3, 4))
("'", (-1, -1))
(id, (3, 4))
("<-", (-1, -1))
(const, (3, 1))
("'", (-1, -1))
(id, (3, 4))
("<-", (-1, -1))
(id, (3, 4))
("+", (-1, -1))
(const, (4, 0))
(")", (-1, -1))
("{", (-1, -1))
(id, (3, 0))
("<-", (-1, -1))
(id, (3, 0))
("+", (-1, -1))
(id, (0, 0))
("[", (-1, -1))
(id, (3, 4))
("]", (-1, -1))
("'", (-1, -1))
("}", (-1, -1))
("scr", (-1, -1))
("(", (-1, -1))
(id, (3, 0))
(")", (-1, -1))
("'", (-1, -1))
("st", (-1, -1))
